<?xml version="1.0" encoding="UTF-8"?>
<testsuite xmlns:xsi="http://www.w3.org/2001/XMLSchema-instance" xsi:noNamespaceSchemaLocation="https://maven.apache.org/surefire/maven-surefire-plugin/xsd/surefire-test-report.xsd" version="3.0.2" name="TestSuite" time="25.916" tests="29" errors="0" skipped="1" failures="1">
  <properties>
[...]
</properties>
  <testcase name="test" classname="Test1.HardAssertions" time="0.006"/>
  <testcase name="testLogin" classname="Test1.ParametrizationDataProviderandParallelTestingTestNG" time="2.816">
    <system-err><![CDATA[Aug 27, 2025 12:39:59 AM org.openqa.selenium.devtools.CdpVersionFinder findNearestMatch
WARNING: Unable to find CDP implementation matching 139
Aug 27, 2025 12:39:59 AM org.openqa.selenium.chromium.ChromiumDriver lambda$new$5
WARNING: Unable to find version of CDP to use for 139.0.7258.139. You may need to include a dependency on a specific version of the CDP using something similar to `org.seleniumhq.selenium:selenium-devtools-v86:4.14.1` where the version ("v86") matches the version of the chromium-based browser you're using and the version number of the artifact is the same as Selenium's.
]]></system-err>
  </testcase>
  <testcase name="paymentInRupees" classname="Test1.GroupingPaymentsTestNG" time="0.025">
    <system-out><![CDATA[paymentInRupees
]]></system-out>
  </testcase>
  <testcase name="paymentInDollars" classname="Test1.GroupingPaymentsTestNG" time="0.047">
    <system-out><![CDATA[paymentInDollars
]]></system-out>
  </testcase>
  <testcase name="search" classname="Test1.AnnotationsBeforeAndAfterClass" time="0.002">
    <system-out><![CDATA[Login...
This is search
]]></system-out>
  </testcase>
  <testcase name="advancesearch" classname="Test1.AnnotationsBeforeAndAfterClass" time="0.005">
    <system-out><![CDATA[This is advanced search
]]></system-out>
  </testcase>
  <testcase name="openapp" classname="Test1.OrangeHRMTestNgClass" time="6.522">
    <system-out><![CDATA[Logout
]]></system-out>
    <system-err><![CDATA[Aug 27, 2025 12:40:03 AM org.openqa.selenium.devtools.CdpVersionFinder findNearestMatch
WARNING: Unable to find CDP implementation matching 139
Aug 27, 2025 12:40:03 AM org.openqa.selenium.chromium.ChromiumDriver lambda$new$5
WARNING: Unable to find version of CDP to use for 139.0.7258.139. You may need to include a dependency on a specific version of the CDP using something similar to `org.seleniumhq.selenium:selenium-devtools-v86:4.14.1` where the version ("v86") matches the version of the chromium-based browser you're using and the version number of the artifact is the same as Selenium's.
]]></system-err>
  </testcase>
  <testcase name="testlogo" classname="Test1.OrangeHRMTestNgClass" time="3.088">
    <system-out><![CDATA[logo is displayed:true
]]></system-out>
  </testcase>
  <testcase name="testlogin" classname="Test1.OrangeHRMTestNgClass" time="1.42"/>
  <testcase name="testlogout" classname="Test1.OrangeHRMTestNgClass" time="0.2">
    <system-err><![CDATA[Aug 27, 2025 12:40:13 AM org.openqa.selenium.remote.http.WebSocket$Listener onError
WARNING: Connection reset
java.net.SocketException: Connection reset
	at java.base/sun.nio.ch.SocketChannelImpl.throwConnectionReset(SocketChannelImpl.java:401)
	at java.base/sun.nio.ch.SocketChannelImpl.read(SocketChannelImpl.java:434)
	at java.net.http/jdk.internal.net.http.SocketTube.readAvailable(SocketTube.java:1178)
	at java.net.http/jdk.internal.net.http.SocketTube$InternalReadPublisher$InternalReadSubscription.read(SocketTube.java:841)
	at java.net.http/jdk.internal.net.http.SocketTube$SocketFlowTask.run(SocketTube.java:181)
	at java.net.http/jdk.internal.net.http.common.SequentialScheduler$SchedulableTask.run(SequentialScheduler.java:207)
	at java.net.http/jdk.internal.net.http.common.SequentialScheduler.runOrSchedule(SequentialScheduler.java:280)
	at java.net.http/jdk.internal.net.http.common.SequentialScheduler.runOrSchedule(SequentialScheduler.java:233)
	at java.net.http/jdk.internal.net.http.SocketTube$InternalReadPublisher$InternalReadSubscription.signalReadable(SocketTube.java:782)
	at java.net.http/jdk.internal.net.http.SocketTube$InternalReadPublisher$ReadEvent.signalEvent(SocketTube.java:965)
	at java.net.http/jdk.internal.net.http.SocketTube$SocketFlowEvent.handle(SocketTube.java:253)
	at java.net.http/jdk.internal.net.http.HttpClientImpl$SelectorManager.handleEvent(HttpClientImpl.java:1467)
	at java.net.http/jdk.internal.net.http.HttpClientImpl$SelectorManager.lambda$run$3(HttpClientImpl.java:1412)
	at java.base/java.util.ArrayList.forEach(ArrayList.java:1596)
	at java.net.http/jdk.internal.net.http.HttpClientImpl$SelectorManager.run(HttpClientImpl.java:1412)

]]></system-err>
  </testcase>
  <testcase name="login" classname="Test1.TestLoginTest" time="1.556">
    <system-err><![CDATA[Aug 27, 2025 12:40:14 AM org.openqa.selenium.devtools.CdpVersionFinder findNearestMatch
WARNING: Unable to find CDP implementation matching 139
Aug 27, 2025 12:40:14 AM org.openqa.selenium.chromium.ChromiumDriver lambda$new$5
WARNING: Unable to find version of CDP to use for 139.0.7258.139. You may need to include a dependency on a specific version of the CDP using something similar to `org.seleniumhq.selenium:selenium-devtools-v86:4.14.1` where the version ("v86") matches the version of the chromium-based browser you're using and the version number of the artifact is the same as Selenium's.
]]></system-err>
  </testcase>
  <testcase name="testTitle" classname="Test1.AssertionsTestNG" time="0.006">
    <system-out><![CDATA[Test Passed
]]></system-out>
    <system-err><![CDATA[Aug 27, 2025 12:40:19 AM org.openqa.selenium.remote.http.WebSocket$Listener onError
WARNING: Connection reset
java.net.SocketException: Connection reset
	at java.base/sun.nio.ch.SocketChannelImpl.throwConnectionReset(SocketChannelImpl.java:401)
	at java.base/sun.nio.ch.SocketChannelImpl.read(SocketChannelImpl.java:434)
	at java.net.http/jdk.internal.net.http.SocketTube.readAvailable(SocketTube.java:1178)
	at java.net.http/jdk.internal.net.http.SocketTube$InternalReadPublisher$InternalReadSubscription.read(SocketTube.java:841)
	at java.net.http/jdk.internal.net.http.SocketTube$SocketFlowTask.run(SocketTube.java:181)
	at java.net.http/jdk.internal.net.http.common.SequentialScheduler$SchedulableTask.run(SequentialScheduler.java:207)
	at java.net.http/jdk.internal.net.http.common.SequentialScheduler.runOrSchedule(SequentialScheduler.java:280)
	at java.net.http/jdk.internal.net.http.common.SequentialScheduler.runOrSchedule(SequentialScheduler.java:233)
	at java.net.http/jdk.internal.net.http.SocketTube$InternalReadPublisher$InternalReadSubscription.signalReadable(SocketTube.java:782)
	at java.net.http/jdk.internal.net.http.SocketTube$InternalReadPublisher$ReadEvent.signalEvent(SocketTube.java:965)
	at java.net.http/jdk.internal.net.http.SocketTube$SocketFlowEvent.handle(SocketTube.java:253)
	at java.net.http/jdk.internal.net.http.HttpClientImpl$SelectorManager.handleEvent(HttpClientImpl.java:1467)
	at java.net.http/jdk.internal.net.http.HttpClientImpl$SelectorManager.lambda$run$3(HttpClientImpl.java:1412)
	at java.base/java.util.ArrayList.forEach(ArrayList.java:1596)
	at java.net.http/jdk.internal.net.http.HttpClientImpl$SelectorManager.run(HttpClientImpl.java:1412)

]]></system-err>
  </testcase>
  <testcase name="SignUpByEmail" classname="Test1.GroupingSignUpTestNG" time="0.003">
    <system-out><![CDATA[This is signup by email
]]></system-out>
  </testcase>
  <testcase name="SignUpByFacebook" classname="Test1.GroupingSignUpTestNG" time="0.004">
    <system-out><![CDATA[This is signup by Facebook
]]></system-out>
  </testcase>
  <testcase name="SignUpByTwitter" classname="Test1.GroupingSignUpTestNG" time="0.003">
    <system-out><![CDATA[This is signup by Twitter
]]></system-out>
  </testcase>
  <testcase name="search" classname="Test1.AnnotationBeforeAndAfterMethod" time="0.001">
    <system-out><![CDATA[Login....
This is search....
]]></system-out>
  </testcase>
  <testcase name="advancesearch" classname="Test1.AnnotationBeforeAndAfterMethod" time="0.001">
    <system-out><![CDATA[Logout
Login....
This is advanced search....
]]></system-out>
  </testcase>
  <testcase name="SoftAssertions" classname="Test1.HardVsSoftAssertions" time="0.002">
    <system-out><![CDATA[Logout
Test 1
Test 2
Test 3
Test 4
]]></system-out>
  </testcase>
  <testcase name="openapp" classname="Test1.DependencyMethodsInTestNG" time="0.002"/>
  <testcase name="login" classname="Test1.DependencyMethodsInTestNG" time="0.001"/>
  <testcase name="search" classname="Test1.DependencyMethodsInTestNG" time="0.006">
    <failure type="java.lang.AssertionError"><![CDATA[java.lang.AssertionError
	at org.junit.Assert.fail(Assert.java:86)
	at org.junit.Assert.assertTrue(Assert.java:41)
	at org.junit.Assert.assertTrue(Assert.java:52)
	at Test1.DependencyMethodsInTestNG.search(DependencyMethodsInTestNG.java:22)
	at java.base/jdk.internal.reflect.DirectMethodHandleAccessor.invoke(DirectMethodHandleAccessor.java:103)
	at java.base/java.lang.reflect.Method.invoke(Method.java:580)
	at org.testng.internal.invokers.MethodInvocationHelper.invokeMethod(MethodInvocationHelper.java:141)
	at org.testng.internal.invokers.TestInvoker.invokeMethod(TestInvoker.java:687)
	at org.testng.internal.invokers.TestInvoker.invokeTestMethod(TestInvoker.java:230)
	at org.testng.internal.invokers.MethodRunner.runInSequence(MethodRunner.java:63)
	at org.testng.internal.invokers.TestInvoker$MethodInvocationAgent.invoke(TestInvoker.java:995)
	at org.testng.internal.invokers.TestInvoker.invokeTestMethods(TestInvoker.java:203)
	at org.testng.internal.invokers.TestMethodWorker.invokeTestMethods(TestMethodWorker.java:154)
	at org.testng.internal.invokers.TestMethodWorker.run(TestMethodWorker.java:134)
	at java.base/java.util.ArrayList.forEach(ArrayList.java:1596)
	at org.testng.TestRunner.privateRun(TestRunner.java:741)
	at org.testng.TestRunner.run(TestRunner.java:616)
	at org.testng.SuiteRunner.runTest(SuiteRunner.java:421)
	at org.testng.SuiteRunner.runSequentially(SuiteRunner.java:413)
	at org.testng.SuiteRunner.privateRun(SuiteRunner.java:373)
	at org.testng.SuiteRunner.run(SuiteRunner.java:312)
	at org.testng.SuiteRunnerWorker.runSuite(SuiteRunnerWorker.java:52)
	at org.testng.SuiteRunnerWorker.run(SuiteRunnerWorker.java:95)
	at org.testng.TestNG.runSuitesSequentially(TestNG.java:1274)
	at org.testng.TestNG.runSuitesLocally(TestNG.java:1208)
	at org.testng.TestNG.runSuites(TestNG.java:1112)
	at org.testng.TestNG.run(TestNG.java:1079)
	at org.apache.maven.surefire.testng.TestNGExecutor.run(TestNGExecutor.java:308)
	at org.apache.maven.surefire.testng.TestNGXmlTestSuite.execute(TestNGXmlTestSuite.java:71)
	at org.apache.maven.surefire.testng.TestNGProvider.invoke(TestNGProvider.java:113)
	at org.apache.maven.surefire.booter.ForkedBooter.runSuitesInProcess(ForkedBooter.java:385)
	at org.apache.maven.surefire.booter.ForkedBooter.execute(ForkedBooter.java:162)
	at org.apache.maven.surefire.booter.ForkedBooter.run(ForkedBooter.java:507)
	at org.apache.maven.surefire.booter.ForkedBooter.main(ForkedBooter.java:495)
]]></failure>
  </testcase>
  <testcase name="adv_search" classname="Test1.DependencyMethodsInTestNG" time="0.0">
    <skipped message="Method Test1.DependencyMethodsInTestNG.adv_search() on instance Test1.DependencyMethodsInTestNG@702657cc depends on not successfully finished methods &#10;[Test1.DependencyMethodsInTestNG.search() on instance Test1.DependencyMethodsInTestNG@702657cc&#10;Test1.DependencyMethodsInTestNG.login() on instance Test1.DependencyMethodsInTestNG@702657cc]"/>
  </testcase>
  <testcase name="logout" classname="Test1.DependencyMethodsInTestNG" time="0.001"/>
  <testcase name="loginByEmail" classname="Test1.GroupingLoginTestNG" time="0.003">
    <system-out><![CDATA[This is login by email
]]></system-out>
  </testcase>
  <testcase name="loginByFacebook" classname="Test1.GroupingLoginTestNG" time="0.003">
    <system-out><![CDATA[This is login by Facebook
]]></system-out>
  </testcase>
  <testcase name="loginByTwitter" classname="Test1.GroupingLoginTestNG" time="0.002">
    <system-out><![CDATA[This is login by Twitter
]]></system-out>
  </testcase>
  <testcase name="Openapp" classname="Test1.TestNGAnnotations" time="0.002">
    <system-out><![CDATA[opening application....
]]></system-out>
  </testcase>
  <testcase name="Login" classname="Test1.TestNGAnnotations" time="0.003">
    <system-out><![CDATA[login to application....
]]></system-out>
  </testcase>
  <testcase name="Logout" classname="Test1.TestNGAnnotations" time="0.003">
    <system-out><![CDATA[logout from application....
]]></system-out>
  </testcase>
</testsuite>